<?xml version="1.0" encoding="UTF-8"?><TestSessionContainer xmlns="http://www.codecover.org/xml/testsession-container" Date="1551295504756" TestSessionContainerId="c84242ca-bfef-44fc-adb7-b03f9780814f" version="1.0">
<SrcFileList/>
<CritList>
<CritListEntry Name="org.codecover.model.utils.criteria.LoopCoverage" PluginName="org.codecover"/>
<CritListEntry Name="org.codecover.model.utils.criteria.ConditionCoverage" PluginName="org.codecover"/>
<CritListEntry Name="org.codecover.model.utils.criteria.BranchCoverage" PluginName="org.codecover"/>
<CritListEntry Name="org.codecover.model.utils.criteria.StatementCoverage" PluginName="org.codecover"/>
</CritList>
<BoolOpList/>
<HierarchyLvlTypeList>
<HierarchyLvlType EnglishName="default package" IntrnlName="default package" Intrnl_Id="1"/>
</HierarchyLvlTypeList>
<MASTRoot>
<HierarchyLvl HierarchyLvlId="3" HierarchyLvlTypeId="1" Intrnl_Id="2" Name="default package">
<Header/>
<LocList/>
</HierarchyLvl>
</MASTRoot>
</TestSessionContainer>
