<?xml version="1.0" encoding="UTF-8"?><TestSessionContainer xmlns="http://www.codecover.org/xml/testsession-container" Date="1551295910975" TestSessionContainerId="d9c983f2-45ce-43a7-84f0-09158d3776e2" version="1.0">
<SrcFileList/>
<CritList>
<CritListEntry Name="org.codecover.model.utils.criteria.LoopCoverage" PluginName="org.codecover"/>
<CritListEntry Name="org.codecover.model.utils.criteria.ConditionCoverage" PluginName="org.codecover"/>
<CritListEntry Name="org.codecover.model.utils.criteria.BranchCoverage" PluginName="org.codecover"/>
<CritListEntry Name="org.codecover.model.utils.criteria.StatementCoverage" PluginName="org.codecover"/>
</CritList>
<BoolOpList/>
<HierarchyLvlTypeList>
<HierarchyLvlType EnglishName="default package" IntrnlName="default package" Intrnl_Id="1"/>
</HierarchyLvlTypeList>
<MASTRoot>
<HierarchyLvl HierarchyLvlId="20" HierarchyLvlTypeId="1" Intrnl_Id="2" Name="default package">
<Header/>
<LocList/>
</HierarchyLvl>
</MASTRoot>
</TestSessionContainer>
